<?xml version="1.0" encoding="UTF-8"?>
<!-- Generated by org.testng.reporters.JUnitReportReporter -->
<testsuite hostname="trinesis-pc19" failures="0" tests="1" name="TestNGBasics" time="0.005" errors="0" timestamp="21 Nov 2019 09:20:01 GMT" skipped="0">
  <testcase classname="TestNGBasics" name="VerifyEmail" time="0.005"/>
</testsuite> <!-- TestNGBasics -->
