<?xml version="1.0" encoding="UTF-8"?>
<!-- Generated by org.testng.reporters.JUnitReportReporter -->
<testsuite hostname="trinesis-pc19" failures="0" tests="1" name="com.GDR.Pickups" time="40.335" errors="0" timestamp="05 Dec 2019 08:43:45 GMT" skipped="0">
  <testcase classname="com.GDR.Pickups" name="Test1" time="40.335"/>
</testsuite> <!-- com.GDR.Pickups -->
