<?xml version="1.0" encoding="UTF-8"?>
<!-- Generated by org.testng.reporters.JUnitReportReporter -->
<testsuite hostname="trinesis-pc19" failures="0" tests="1" name="HomeDemo" time="0.005" errors="0" timestamp="02 Aug 2019 07:07:15 GMT" skipped="0">
  <testcase classname="HomeDemo" name="Test2" time="0.005"/>
</testsuite> <!-- HomeDemo -->
