<?xml version="1.0" encoding="UTF-8"?>
<!-- Generated by org.testng.reporters.JUnitReportReporter -->
<testsuite hostname="trinesis-pc19" failures="0" tests="1" name="com.GDR.HomeScreen" time="25.963" errors="0" timestamp="24 Oct 2019 06:49:36 GMT" skipped="0">
  <testcase classname="com.GDR.HomeScreen" name="Test1" time="25.963"/>
</testsuite> <!-- com.GDR.HomeScreen -->
